Determining if the CL_VERSION_2_0 exist failed with the following output:
Change Dir: /home/alex/work/mining-tools/dockers/xmr/xmr-stak/CMakeFiles/CMakeTmp

Run Build Command:"/usr/bin/make" "cmTC_f6e91/fast"
/usr/bin/make -f CMakeFiles/cmTC_f6e91.dir/build.make CMakeFiles/cmTC_f6e91.dir/build
make[1]: Entering directory '/netdisk/work/mining-tools/dockers/xmr/xmr-stak/CMakeFiles/CMakeTmp'
Building C object CMakeFiles/cmTC_f6e91.dir/CheckSymbolExists.c.o
/usr/bin/cc    -march=native -mtune=native     -o CMakeFiles/cmTC_f6e91.dir/CheckSymbolExists.c.o   -c /home/alex/work/mining-tools/dockers/xmr/xmr-stak/CMakeFiles/CMakeTmp/CheckSymbolExists.c
/home/alex/work/mining-tools/dockers/xmr/xmr-stak/CMakeFiles/CMakeTmp/CheckSymbolExists.c:2:47: fatal error: OpenCL_INCLUDE_DIR-NOTFOUND/CL/cl.h: No such file or directory
compilation terminated.
CMakeFiles/cmTC_f6e91.dir/build.make:65: recipe for target 'CMakeFiles/cmTC_f6e91.dir/CheckSymbolExists.c.o' failed
make[1]: *** [CMakeFiles/cmTC_f6e91.dir/CheckSymbolExists.c.o] Error 1
make[1]: Leaving directory '/netdisk/work/mining-tools/dockers/xmr/xmr-stak/CMakeFiles/CMakeTmp'
Makefile:126: recipe for target 'cmTC_f6e91/fast' failed
make: *** [cmTC_f6e91/fast] Error 2

File /home/alex/work/mining-tools/dockers/xmr/xmr-stak/CMakeFiles/CMakeTmp/CheckSymbolExists.c:
/* */
#include <OpenCL_INCLUDE_DIR-NOTFOUND/CL/cl.h>

int main(int argc, char** argv)
{
  (void)argv;
#ifndef CL_VERSION_2_0
  return ((int*)(&CL_VERSION_2_0))[argc];
#else
  (void)argc;
  return 0;
#endif
}

Determining if the CL_VERSION_1_2 exist failed with the following output:
Change Dir: /home/alex/work/mining-tools/dockers/xmr/xmr-stak/CMakeFiles/CMakeTmp

Run Build Command:"/usr/bin/make" "cmTC_c3c8d/fast"
/usr/bin/make -f CMakeFiles/cmTC_c3c8d.dir/build.make CMakeFiles/cmTC_c3c8d.dir/build
make[1]: Entering directory '/netdisk/work/mining-tools/dockers/xmr/xmr-stak/CMakeFiles/CMakeTmp'
Building C object CMakeFiles/cmTC_c3c8d.dir/CheckSymbolExists.c.o
/usr/bin/cc    -march=native -mtune=native     -o CMakeFiles/cmTC_c3c8d.dir/CheckSymbolExists.c.o   -c /home/alex/work/mining-tools/dockers/xmr/xmr-stak/CMakeFiles/CMakeTmp/CheckSymbolExists.c
/home/alex/work/mining-tools/dockers/xmr/xmr-stak/CMakeFiles/CMakeTmp/CheckSymbolExists.c:2:47: fatal error: OpenCL_INCLUDE_DIR-NOTFOUND/CL/cl.h: No such file or directory
compilation terminated.
CMakeFiles/cmTC_c3c8d.dir/build.make:65: recipe for target 'CMakeFiles/cmTC_c3c8d.dir/CheckSymbolExists.c.o' failed
make[1]: *** [CMakeFiles/cmTC_c3c8d.dir/CheckSymbolExists.c.o] Error 1
make[1]: Leaving directory '/netdisk/work/mining-tools/dockers/xmr/xmr-stak/CMakeFiles/CMakeTmp'
Makefile:126: recipe for target 'cmTC_c3c8d/fast' failed
make: *** [cmTC_c3c8d/fast] Error 2

File /home/alex/work/mining-tools/dockers/xmr/xmr-stak/CMakeFiles/CMakeTmp/CheckSymbolExists.c:
/* */
#include <OpenCL_INCLUDE_DIR-NOTFOUND/CL/cl.h>

int main(int argc, char** argv)
{
  (void)argv;
#ifndef CL_VERSION_1_2
  return ((int*)(&CL_VERSION_1_2))[argc];
#else
  (void)argc;
  return 0;
#endif
}

Determining if the CL_VERSION_1_1 exist failed with the following output:
Change Dir: /home/alex/work/mining-tools/dockers/xmr/xmr-stak/CMakeFiles/CMakeTmp

Run Build Command:"/usr/bin/make" "cmTC_e4824/fast"
/usr/bin/make -f CMakeFiles/cmTC_e4824.dir/build.make CMakeFiles/cmTC_e4824.dir/build
make[1]: Entering directory '/netdisk/work/mining-tools/dockers/xmr/xmr-stak/CMakeFiles/CMakeTmp'
Building C object CMakeFiles/cmTC_e4824.dir/CheckSymbolExists.c.o
/usr/bin/cc    -march=native -mtune=native     -o CMakeFiles/cmTC_e4824.dir/CheckSymbolExists.c.o   -c /home/alex/work/mining-tools/dockers/xmr/xmr-stak/CMakeFiles/CMakeTmp/CheckSymbolExists.c
/home/alex/work/mining-tools/dockers/xmr/xmr-stak/CMakeFiles/CMakeTmp/CheckSymbolExists.c:2:47: fatal error: OpenCL_INCLUDE_DIR-NOTFOUND/CL/cl.h: No such file or directory
compilation terminated.
CMakeFiles/cmTC_e4824.dir/build.make:65: recipe for target 'CMakeFiles/cmTC_e4824.dir/CheckSymbolExists.c.o' failed
make[1]: *** [CMakeFiles/cmTC_e4824.dir/CheckSymbolExists.c.o] Error 1
make[1]: Leaving directory '/netdisk/work/mining-tools/dockers/xmr/xmr-stak/CMakeFiles/CMakeTmp'
Makefile:126: recipe for target 'cmTC_e4824/fast' failed
make: *** [cmTC_e4824/fast] Error 2

File /home/alex/work/mining-tools/dockers/xmr/xmr-stak/CMakeFiles/CMakeTmp/CheckSymbolExists.c:
/* */
#include <OpenCL_INCLUDE_DIR-NOTFOUND/CL/cl.h>

int main(int argc, char** argv)
{
  (void)argv;
#ifndef CL_VERSION_1_1
  return ((int*)(&CL_VERSION_1_1))[argc];
#else
  (void)argc;
  return 0;
#endif
}

Determining if the CL_VERSION_1_0 exist failed with the following output:
Change Dir: /home/alex/work/mining-tools/dockers/xmr/xmr-stak/CMakeFiles/CMakeTmp

Run Build Command:"/usr/bin/make" "cmTC_f55af/fast"
/usr/bin/make -f CMakeFiles/cmTC_f55af.dir/build.make CMakeFiles/cmTC_f55af.dir/build
make[1]: Entering directory '/netdisk/work/mining-tools/dockers/xmr/xmr-stak/CMakeFiles/CMakeTmp'
Building C object CMakeFiles/cmTC_f55af.dir/CheckSymbolExists.c.o
/usr/bin/cc    -march=native -mtune=native     -o CMakeFiles/cmTC_f55af.dir/CheckSymbolExists.c.o   -c /home/alex/work/mining-tools/dockers/xmr/xmr-stak/CMakeFiles/CMakeTmp/CheckSymbolExists.c
/home/alex/work/mining-tools/dockers/xmr/xmr-stak/CMakeFiles/CMakeTmp/CheckSymbolExists.c:2:47: fatal error: OpenCL_INCLUDE_DIR-NOTFOUND/CL/cl.h: No such file or directory
compilation terminated.
CMakeFiles/cmTC_f55af.dir/build.make:65: recipe for target 'CMakeFiles/cmTC_f55af.dir/CheckSymbolExists.c.o' failed
make[1]: *** [CMakeFiles/cmTC_f55af.dir/CheckSymbolExists.c.o] Error 1
make[1]: Leaving directory '/netdisk/work/mining-tools/dockers/xmr/xmr-stak/CMakeFiles/CMakeTmp'
Makefile:126: recipe for target 'cmTC_f55af/fast' failed
make: *** [cmTC_f55af/fast] Error 2

File /home/alex/work/mining-tools/dockers/xmr/xmr-stak/CMakeFiles/CMakeTmp/CheckSymbolExists.c:
/* */
#include <OpenCL_INCLUDE_DIR-NOTFOUND/CL/cl.h>

int main(int argc, char** argv)
{
  (void)argv;
#ifndef CL_VERSION_1_0
  return ((int*)(&CL_VERSION_1_0))[argc];
#else
  (void)argc;
  return 0;
#endif
}

Determining if the pthread_create exist failed with the following output:
Change Dir: /home/alex/work/mining-tools/dockers/xmr/xmr-stak/CMakeFiles/CMakeTmp

Run Build Command:"/usr/bin/make" "cmTC_899aa/fast"
/usr/bin/make -f CMakeFiles/cmTC_899aa.dir/build.make CMakeFiles/cmTC_899aa.dir/build
make[1]: Entering directory '/netdisk/work/mining-tools/dockers/xmr/xmr-stak/CMakeFiles/CMakeTmp'
Building C object CMakeFiles/cmTC_899aa.dir/CheckSymbolExists.c.o
/usr/bin/cc    -march=native -mtune=native     -o CMakeFiles/cmTC_899aa.dir/CheckSymbolExists.c.o   -c /home/alex/work/mining-tools/dockers/xmr/xmr-stak/CMakeFiles/CMakeTmp/CheckSymbolExists.c
Linking C executable cmTC_899aa
/usr/bin/cmake -E cmake_link_script CMakeFiles/cmTC_899aa.dir/link.txt --verbose=1
/usr/bin/cc  -march=native -mtune=native      CMakeFiles/cmTC_899aa.dir/CheckSymbolExists.c.o  -o cmTC_899aa -rdynamic 
CMakeFiles/cmTC_899aa.dir/CheckSymbolExists.c.o: In function `main':
CheckSymbolExists.c:(.text+0x16): undefined reference to `pthread_create'
collect2: error: ld returned 1 exit status
CMakeFiles/cmTC_899aa.dir/build.make:97: recipe for target 'cmTC_899aa' failed
make[1]: *** [cmTC_899aa] Error 1
make[1]: Leaving directory '/netdisk/work/mining-tools/dockers/xmr/xmr-stak/CMakeFiles/CMakeTmp'
Makefile:126: recipe for target 'cmTC_899aa/fast' failed
make: *** [cmTC_899aa/fast] Error 2

File /home/alex/work/mining-tools/dockers/xmr/xmr-stak/CMakeFiles/CMakeTmp/CheckSymbolExists.c:
/* */
#include <pthread.h>

int main(int argc, char** argv)
{
  (void)argv;
#ifndef pthread_create
  return ((int*)(&pthread_create))[argc];
#else
  (void)argc;
  return 0;
#endif
}

Determining if the function pthread_create exists in the pthreads failed with the following output:
Change Dir: /home/alex/work/mining-tools/dockers/xmr/xmr-stak/CMakeFiles/CMakeTmp

Run Build Command:"/usr/bin/make" "cmTC_66826/fast"
/usr/bin/make -f CMakeFiles/cmTC_66826.dir/build.make CMakeFiles/cmTC_66826.dir/build
make[1]: Entering directory '/netdisk/work/mining-tools/dockers/xmr/xmr-stak/CMakeFiles/CMakeTmp'
Building C object CMakeFiles/cmTC_66826.dir/CheckFunctionExists.c.o
/usr/bin/cc    -march=native -mtune=native  -DCHECK_FUNCTION_EXISTS=pthread_create   -o CMakeFiles/cmTC_66826.dir/CheckFunctionExists.c.o   -c /usr/share/cmake-3.5/Modules/CheckFunctionExists.c
Linking C executable cmTC_66826
/usr/bin/cmake -E cmake_link_script CMakeFiles/cmTC_66826.dir/link.txt --verbose=1
/usr/bin/cc  -march=native -mtune=native  -DCHECK_FUNCTION_EXISTS=pthread_create    CMakeFiles/cmTC_66826.dir/CheckFunctionExists.c.o  -o cmTC_66826 -rdynamic -lpthreads 
/usr/bin/ld: cannot find -lpthreads
collect2: error: ld returned 1 exit status
CMakeFiles/cmTC_66826.dir/build.make:97: recipe for target 'cmTC_66826' failed
make[1]: *** [cmTC_66826] Error 1
make[1]: Leaving directory '/netdisk/work/mining-tools/dockers/xmr/xmr-stak/CMakeFiles/CMakeTmp'
Makefile:126: recipe for target 'cmTC_66826/fast' failed
make: *** [cmTC_66826/fast] Error 2


